Name	NumRotors	NumConfs	CPUtime
ligand1	3	1	0.1752
ligand2	3	1	0.0178
ligand3	3	1	0.0173
ligand4	3	1	0.0163
ligand5	3	1	0.0176
ligand6	3	1	0.0176
ligand7	3	1	0.0163
ligand8	3	1	0.0175
ligand9	3	1	0.0175
ligand10	3	1	0.0163
ligand11	3	1	0.0175
ligand12	3	1	0.0187
ligand13	3	1	0.0183
ligand14	3	1	0.0176
ligand15	3	1	0.0163
ligand16	3	1	0.0158
ligand17	3	1	0.0169
ligand18	3	1	0.0181
ligand19	3	1	0.0156
ligand20	3	1	0.0156
ligand21	3	1	0.0156
ligand22	3	1	0.0153
ligand23	3	1	0.0153
ligand24	3	1	0.0158
ligand25	3	1	0.0157
